<?xml version="1.0" encoding="UTF-8"?>
<coverage generated="1672753325788" clover="3.2.0">
  <project timestamp="1672753325788" name="All files">
    <metrics statements="42" coveredstatements="29" conditionals="11" coveredconditionals="4" methods="7" coveredmethods="6" elements="60" coveredelements="39" complexity="0" loc="42" ncloc="42" packages="1" files="4" classes="4"/>
    <file name="calcularAguaService.js" path="D:\Códigos\calculadora-de-metabolismo\api\src\service\calcularAguaService.js">
      <metrics statements="2" coveredstatements="2" conditionals="0" coveredconditionals="0" methods="1" coveredmethods="1"/>
      <line num="2" count="2" type="stmt"/>
      <line num="4" count="2" type="stmt"/>
    </file>
    <file name="calcularDietaService.js" path="D:\Códigos\calculadora-de-metabolismo\api\src\service\calcularDietaService.js">
      <metrics statements="11" coveredstatements="10" conditionals="2" coveredconditionals="1" methods="1" coveredmethods="1"/>
      <line num="2" count="2" type="cond" truecount="1" falsecount="1"/>
      <line num="4" count="2" type="stmt"/>
      <line num="5" count="2" type="stmt"/>
      <line num="7" count="0" type="stmt"/>
      <line num="10" count="2" type="stmt"/>
      <line num="12" count="2" type="stmt"/>
      <line num="14" count="2" type="stmt"/>
      <line num="16" count="2" type="stmt"/>
      <line num="18" count="2" type="stmt"/>
      <line num="20" count="2" type="stmt"/>
      <line num="22" count="2" type="stmt"/>
    </file>
    <file name="calcularGeralService.js" path="D:\Códigos\calculadora-de-metabolismo\api\src\service\calcularGeralService.js">
      <metrics statements="8" coveredstatements="8" conditionals="0" coveredconditionals="0" methods="2" coveredmethods="2"/>
      <line num="6" count="1" type="stmt"/>
      <line num="18" count="1" type="stmt"/>
      <line num="19" count="1" type="stmt"/>
      <line num="20" count="1" type="stmt"/>
      <line num="21" count="1" type="stmt"/>
      <line num="26" count="1" type="stmt"/>
      <line num="30" count="1" type="stmt"/>
      <line num="38" count="1" type="stmt"/>
    </file>
    <file name="calcularMetabolismoService.js" path="D:\Códigos\calculadora-de-metabolismo\api\src\service\calcularMetabolismoService.js">
      <metrics statements="21" coveredstatements="9" conditionals="9" coveredconditionals="3" methods="3" coveredmethods="2"/>
      <line num="3" count="2" type="cond" truecount="1" falsecount="4"/>
      <line num="5" count="0" type="stmt"/>
      <line num="6" count="0" type="stmt"/>
      <line num="8" count="0" type="stmt"/>
      <line num="9" count="0" type="stmt"/>
      <line num="11" count="2" type="stmt"/>
      <line num="12" count="2" type="stmt"/>
      <line num="14" count="0" type="stmt"/>
      <line num="15" count="0" type="stmt"/>
      <line num="17" count="0" type="stmt"/>
      <line num="18" count="0" type="stmt"/>
      <line num="21" count="2" type="cond" truecount="1" falsecount="1"/>
      <line num="22" count="0" type="stmt"/>
      <line num="23" count="0" type="stmt"/>
      <line num="24" count="2" type="cond" truecount="1" falsecount="1"/>
      <line num="25" count="2" type="stmt"/>
      <line num="26" count="2" type="stmt"/>
      <line num="31" count="0" type="stmt"/>
      <line num="32" count="0" type="stmt"/>
      <line num="36" count="2" type="stmt"/>
      <line num="37" count="2" type="stmt"/>
    </file>
  </project>
</coverage>
