{"D:\\Códigos\\calculadora-de-metabolismo\\api\\src\\service\\calcularAguaService.js": {"path":"D:\\Códigos\\calculadora-de-metabolismo\\api\\src\\service\\calcularAguaService.js","statementMap":{"0":{"start":{"line":2,"column":14},"end":{"line":2,"column":29}},"1":{"start":{"line":4,"column":4},"end":{"line":4,"column":15}}},"fnMap":{"0":{"name":"calcularAguaService","decl":{"start":{"line":1,"column":9},"end":{"line":1,"column":28}},"loc":{"start":{"line":1,"column":36},"end":{"line":5,"column":1}},"line":1}},"branchMap":{},"s":{"0":2,"1":2},"f":{"0":2},"b":{},"_coverageSchema":"1a1c01bbd47fc00a2c39e90264f33305004495a9","hash":"56efcbaf6ae22cd765c02c9d0ee226715c3f4719"}
,"D:\\Códigos\\calculadora-de-metabolismo\\api\\src\\service\\calcularDietaService.js": {"path":"D:\\Códigos\\calculadora-de-metabolismo\\api\\src\\service\\calcularDietaService.js","statementMap":{"0":{"start":{"line":2,"column":4},"end":{"line":8,"column":5}},"1":{"start":{"line":4,"column":12},"end":{"line":4,"column":69}},"2":{"start":{"line":5,"column":12},"end":{"line":5,"column":18}},"3":{"start":{"line":7,"column":12},"end":{"line":7,"column":68}},"4":{"start":{"line":10,"column":18},"end":{"line":10,"column":44}},"5":{"start":{"line":12,"column":21},"end":{"line":12,"column":41}},"6":{"start":{"line":14,"column":19},"end":{"line":14,"column":35}},"7":{"start":{"line":16,"column":22},"end":{"line":16,"column":34}},"8":{"start":{"line":18,"column":23},"end":{"line":18,"column":70}},"9":{"start":{"line":20,"column":14},"end":{"line":20,"column":86}},"10":{"start":{"line":22,"column":4},"end":{"line":22,"column":15}}},"fnMap":{"0":{"name":"calcularDietaService","decl":{"start":{"line":1,"column":9},"end":{"line":1,"column":29}},"loc":{"start":{"line":1,"column":36},"end":{"line":23,"column":1}},"line":1}},"branchMap":{"0":{"loc":{"start":{"line":2,"column":4},"end":{"line":8,"column":5}},"type":"switch","locations":[{"start":{"line":3,"column":8},"end":{"line":5,"column":18}},{"start":{"line":6,"column":8},"end":{"line":7,"column":68}}],"line":2}},"s":{"0":2,"1":2,"2":2,"3":0,"4":2,"5":2,"6":2,"7":2,"8":2,"9":2,"10":2},"f":{"0":2},"b":{"0":[2,0]},"_coverageSchema":"1a1c01bbd47fc00a2c39e90264f33305004495a9","hash":"9d3124bd5ddf415329c26a4155da2a1a068c3f47"}
,"D:\\Códigos\\calculadora-de-metabolismo\\api\\src\\service\\calcularGeralService.js": {"path":"D:\\Códigos\\calculadora-de-metabolismo\\api\\src\\service\\calcularGeralService.js","statementMap":{"0":{"start":{"line":6,"column":17},"end":{"line":12,"column":5}},"1":{"start":{"line":18,"column":4},"end":{"line":28,"column":5}},"2":{"start":{"line":19,"column":12},"end":{"line":19,"column":46}},"3":{"start":{"line":20,"column":12},"end":{"line":20,"column":57}},"4":{"start":{"line":21,"column":27},"end":{"line":25,"column":13}},"5":{"start":{"line":26,"column":12},"end":{"line":26,"column":51}},"6":{"start":{"line":30,"column":19},"end":{"line":36,"column":5}},"7":{"start":{"line":38,"column":4},"end":{"line":38,"column":20}}},"fnMap":{"0":{"name":"calcularGeralService","decl":{"start":{"line":5,"column":9},"end":{"line":5,"column":29}},"loc":{"start":{"line":5,"column":37},"end":{"line":39,"column":1}},"line":5},"1":{"name":"(anonymous_1)","decl":{"start":{"line":18,"column":16},"end":{"line":18,"column":17}},"loc":{"start":{"line":18,"column":22},"end":{"line":27,"column":9}},"line":18}},"branchMap":{},"s":{"0":1,"1":1,"2":1,"3":1,"4":1,"5":1,"6":1,"7":1},"f":{"0":1,"1":1},"b":{},"_coverageSchema":"1a1c01bbd47fc00a2c39e90264f33305004495a9","hash":"8f81084420a4e3354e566de57475cc60a597878e"}
,"D:\\Códigos\\calculadora-de-metabolismo\\api\\src\\service\\calcularMetabolismoService.js": {"path":"D:\\Códigos\\calculadora-de-metabolismo\\api\\src\\service\\calcularMetabolismoService.js","statementMap":{"0":{"start":{"line":3,"column":4},"end":{"line":19,"column":5}},"1":{"start":{"line":5,"column":12},"end":{"line":5,"column":28}},"2":{"start":{"line":6,"column":12},"end":{"line":6,"column":18}},"3":{"start":{"line":8,"column":12},"end":{"line":8,"column":30}},"4":{"start":{"line":9,"column":12},"end":{"line":9,"column":18}},"5":{"start":{"line":11,"column":12},"end":{"line":11,"column":29}},"6":{"start":{"line":12,"column":12},"end":{"line":12,"column":18}},"7":{"start":{"line":14,"column":12},"end":{"line":14,"column":30}},"8":{"start":{"line":15,"column":12},"end":{"line":15,"column":18}},"9":{"start":{"line":17,"column":12},"end":{"line":17,"column":28}},"10":{"start":{"line":18,"column":12},"end":{"line":18,"column":18}},"11":{"start":{"line":21,"column":4},"end":{"line":27,"column":5}},"12":{"start":{"line":22,"column":26},"end":{"line":22,"column":72}},"13":{"start":{"line":23,"column":8},"end":{"line":23,"column":49}},"14":{"start":{"line":24,"column":11},"end":{"line":27,"column":5}},"15":{"start":{"line":25,"column":26},"end":{"line":25,"column":73}},"16":{"start":{"line":26,"column":8},"end":{"line":26,"column":49}},"17":{"start":{"line":31,"column":19},"end":{"line":31,"column":107}},"18":{"start":{"line":32,"column":4},"end":{"line":32,"column":32}},"19":{"start":{"line":36,"column":19},"end":{"line":36,"column":105}},"20":{"start":{"line":37,"column":4},"end":{"line":37,"column":32}}},"fnMap":{"0":{"name":"CalcularMetabolismoService","decl":{"start":{"line":1,"column":9},"end":{"line":1,"column":35}},"loc":{"start":{"line":1,"column":44},"end":{"line":28,"column":1}},"line":1},"1":{"name":"calcularMetabolismoFeminino","decl":{"start":{"line":30,"column":9},"end":{"line":30,"column":36}},"loc":{"start":{"line":30,"column":56},"end":{"line":33,"column":1}},"line":30},"2":{"name":"calcularMetabolismoMasculino","decl":{"start":{"line":35,"column":9},"end":{"line":35,"column":37}},"loc":{"start":{"line":35,"column":57},"end":{"line":38,"column":1}},"line":35}},"branchMap":{"0":{"loc":{"start":{"line":3,"column":4},"end":{"line":19,"column":5}},"type":"switch","locations":[{"start":{"line":4,"column":8},"end":{"line":6,"column":18}},{"start":{"line":7,"column":8},"end":{"line":9,"column":18}},{"start":{"line":10,"column":8},"end":{"line":12,"column":18}},{"start":{"line":13,"column":8},"end":{"line":15,"column":18}},{"start":{"line":16,"column":8},"end":{"line":18,"column":18}}],"line":3},"1":{"loc":{"start":{"line":21,"column":4},"end":{"line":27,"column":5}},"type":"if","locations":[{"start":{"line":21,"column":4},"end":{"line":27,"column":5}},{"start":{"line":24,"column":11},"end":{"line":27,"column":5}}],"line":21},"2":{"loc":{"start":{"line":24,"column":11},"end":{"line":27,"column":5}},"type":"if","locations":[{"start":{"line":24,"column":11},"end":{"line":27,"column":5}},{"start":{},"end":{}}],"line":24}},"s":{"0":2,"1":0,"2":0,"3":0,"4":0,"5":2,"6":2,"7":0,"8":0,"9":0,"10":0,"11":2,"12":0,"13":0,"14":2,"15":2,"16":2,"17":0,"18":0,"19":2,"20":2},"f":{"0":2,"1":0,"2":2},"b":{"0":[0,0,2,0,0],"1":[0,2],"2":[2,0]},"_coverageSchema":"1a1c01bbd47fc00a2c39e90264f33305004495a9","hash":"cd52c0db8aaa0ffb89721f3e95f79021c4852f28"}
}
