TN:
SF:src\service\calcularAguaService.js
FN:1,calcularAguaService
FNF:1
FNH:1
FNDA:2,calcularAguaService
DA:2,2
DA:4,2
LF:2
LH:2
BRF:0
BRH:0
end_of_record
TN:
SF:src\service\calcularDietaService.js
FN:1,calcularDietaService
FNF:1
FNH:1
FNDA:2,calcularDietaService
DA:2,2
DA:4,2
DA:5,2
DA:7,0
DA:10,2
DA:12,2
DA:14,2
DA:16,2
DA:18,2
DA:20,2
DA:22,2
LF:11
LH:10
BRDA:2,0,0,2
BRDA:2,0,1,0
BRF:2
BRH:1
end_of_record
TN:
SF:src\service\calcularGeralService.js
FN:5,calcularGeralService
FN:18,(anonymous_1)
FNF:2
FNH:2
FNDA:1,calcularGeralService
FNDA:1,(anonymous_1)
DA:6,1
DA:18,1
DA:19,1
DA:20,1
DA:21,1
DA:26,1
DA:30,1
DA:38,1
LF:8
LH:8
BRF:0
BRH:0
end_of_record
TN:
SF:src\service\calcularMetabolismoService.js
FN:1,CalcularMetabolismoService
FN:30,calcularMetabolismoFeminino
FN:35,calcularMetabolismoMasculino
FNF:3
FNH:2
FNDA:2,CalcularMetabolismoService
FNDA:0,calcularMetabolismoFeminino
FNDA:2,calcularMetabolismoMasculino
DA:3,2
DA:5,0
DA:6,0
DA:8,0
DA:9,0
DA:11,2
DA:12,2
DA:14,0
DA:15,0
DA:17,0
DA:18,0
DA:21,2
DA:22,0
DA:23,0
DA:24,2
DA:25,2
DA:26,2
DA:31,0
DA:32,0
DA:36,2
DA:37,2
LF:21
LH:9
BRDA:3,0,0,0
BRDA:3,0,1,0
BRDA:3,0,2,2
BRDA:3,0,3,0
BRDA:3,0,4,0
BRDA:21,1,0,0
BRDA:21,1,1,2
BRDA:24,2,0,2
BRDA:24,2,1,0
BRF:9
BRH:3
end_of_record
